Performing C SOURCE FILE Test CMAKE_HAVE_LIBC_PTHREAD failed with the following output:
Change Dir: /home/liu/robot_research_liu/build/CMakeFiles/CMakeTmp

Run Build Command(s):/usr/bin/make cmTC_ecac0/fast && /usr/bin/make -f CMakeFiles/cmTC_ecac0.dir/build.make CMakeFiles/cmTC_ecac0.dir/build
make[1]: ディレクトリ '/home/liu/robot_research_liu/build/CMakeFiles/CMakeTmp' に入ります
Building C object CMakeFiles/cmTC_ecac0.dir/src.c.o
/usr/bin/cc   -DCMAKE_HAVE_LIBC_PTHREAD   -o CMakeFiles/cmTC_ecac0.dir/src.c.o   -c /home/liu/robot_research_liu/build/CMakeFiles/CMakeTmp/src.c
Linking C executable cmTC_ecac0
/usr/bin/cmake -E cmake_link_script CMakeFiles/cmTC_ecac0.dir/link.txt --verbose=1
/usr/bin/cc  -DCMAKE_HAVE_LIBC_PTHREAD    -rdynamic CMakeFiles/cmTC_ecac0.dir/src.c.o  -o cmTC_ecac0 
/usr/bin/ld: CMakeFiles/cmTC_ecac0.dir/src.c.o: in function `main':
src.c:(.text+0x46): undefined reference to `pthread_create'
/usr/bin/ld: src.c:(.text+0x52): undefined reference to `pthread_detach'
/usr/bin/ld: src.c:(.text+0x63): undefined reference to `pthread_join'
collect2: error: ld returned 1 exit status
make[1]: *** [CMakeFiles/cmTC_ecac0.dir/build.make:87: cmTC_ecac0] エラー 1
make[1]: ディレクトリ '/home/liu/robot_research_liu/build/CMakeFiles/CMakeTmp' から出ます
make: *** [Makefile:121: cmTC_ecac0/fast] エラー 2


Source file was:
#include <pthread.h>

void* test_func(void* data)
{
  return data;
}

int main(void)
{
  pthread_t thread;
  pthread_create(&thread, NULL, test_func, NULL);
  pthread_detach(thread);
  pthread_join(thread, NULL);
  pthread_atfork(NULL, NULL, NULL);
  pthread_exit(NULL);

  return 0;
}

Determining if the function pthread_create exists in the pthreads failed with the following output:
Change Dir: /home/liu/robot_research_liu/build/CMakeFiles/CMakeTmp

Run Build Command(s):/usr/bin/make cmTC_5af3b/fast && /usr/bin/make -f CMakeFiles/cmTC_5af3b.dir/build.make CMakeFiles/cmTC_5af3b.dir/build
make[1]: ディレクトリ '/home/liu/robot_research_liu/build/CMakeFiles/CMakeTmp' に入ります
Building C object CMakeFiles/cmTC_5af3b.dir/CheckFunctionExists.c.o
/usr/bin/cc   -DCHECK_FUNCTION_EXISTS=pthread_create   -o CMakeFiles/cmTC_5af3b.dir/CheckFunctionExists.c.o   -c /usr/share/cmake-3.16/Modules/CheckFunctionExists.c
Linking C executable cmTC_5af3b
/usr/bin/cmake -E cmake_link_script CMakeFiles/cmTC_5af3b.dir/link.txt --verbose=1
/usr/bin/cc  -DCHECK_FUNCTION_EXISTS=pthread_create    -rdynamic CMakeFiles/cmTC_5af3b.dir/CheckFunctionExists.c.o  -o cmTC_5af3b  -lpthreads 
/usr/bin/ld: -lpthreads が見つかりません
collect2: error: ld returned 1 exit status
make[1]: *** [CMakeFiles/cmTC_5af3b.dir/build.make:87: cmTC_5af3b] エラー 1
make[1]: ディレクトリ '/home/liu/robot_research_liu/build/CMakeFiles/CMakeTmp' から出ます
make: *** [Makefile:121: cmTC_5af3b/fast] エラー 2



Performing C SOURCE FILE Test CMAKE_HAVE_LIBC_PTHREAD failed with the following output:
Change Dir: /home/liu/robot_research_liu/build/CMakeFiles/CMakeTmp

Run Build Command(s):/usr/bin/make cmTC_1a368/fast && /usr/bin/make -f CMakeFiles/cmTC_1a368.dir/build.make CMakeFiles/cmTC_1a368.dir/build
make[1]: ディレクトリ '/home/liu/robot_research_liu/build/CMakeFiles/CMakeTmp' に入ります
Building C object CMakeFiles/cmTC_1a368.dir/src.c.o
/usr/bin/cc   -DCMAKE_HAVE_LIBC_PTHREAD   -o CMakeFiles/cmTC_1a368.dir/src.c.o   -c /home/liu/robot_research_liu/build/CMakeFiles/CMakeTmp/src.c
Linking C executable cmTC_1a368
/usr/bin/cmake -E cmake_link_script CMakeFiles/cmTC_1a368.dir/link.txt --verbose=1
/usr/bin/cc  -DCMAKE_HAVE_LIBC_PTHREAD    -rdynamic CMakeFiles/cmTC_1a368.dir/src.c.o  -o cmTC_1a368 
/usr/bin/ld: CMakeFiles/cmTC_1a368.dir/src.c.o: in function `main':
src.c:(.text+0x46): undefined reference to `pthread_create'
/usr/bin/ld: src.c:(.text+0x52): undefined reference to `pthread_detach'
/usr/bin/ld: src.c:(.text+0x63): undefined reference to `pthread_join'
collect2: error: ld returned 1 exit status
make[1]: *** [CMakeFiles/cmTC_1a368.dir/build.make:87: cmTC_1a368] エラー 1
make[1]: ディレクトリ '/home/liu/robot_research_liu/build/CMakeFiles/CMakeTmp' から出ます
make: *** [Makefile:121: cmTC_1a368/fast] エラー 2


Source file was:
#include <pthread.h>

void* test_func(void* data)
{
  return data;
}

int main(void)
{
  pthread_t thread;
  pthread_create(&thread, NULL, test_func, NULL);
  pthread_detach(thread);
  pthread_join(thread, NULL);
  pthread_atfork(NULL, NULL, NULL);
  pthread_exit(NULL);

  return 0;
}

Determining if the function pthread_create exists in the pthreads failed with the following output:
Change Dir: /home/liu/robot_research_liu/build/CMakeFiles/CMakeTmp

Run Build Command(s):/usr/bin/make cmTC_288b6/fast && /usr/bin/make -f CMakeFiles/cmTC_288b6.dir/build.make CMakeFiles/cmTC_288b6.dir/build
make[1]: ディレクトリ '/home/liu/robot_research_liu/build/CMakeFiles/CMakeTmp' に入ります
Building C object CMakeFiles/cmTC_288b6.dir/CheckFunctionExists.c.o
/usr/bin/cc   -DCHECK_FUNCTION_EXISTS=pthread_create   -o CMakeFiles/cmTC_288b6.dir/CheckFunctionExists.c.o   -c /usr/share/cmake-3.16/Modules/CheckFunctionExists.c
Linking C executable cmTC_288b6
/usr/bin/cmake -E cmake_link_script CMakeFiles/cmTC_288b6.dir/link.txt --verbose=1
/usr/bin/cc  -DCHECK_FUNCTION_EXISTS=pthread_create    -rdynamic CMakeFiles/cmTC_288b6.dir/CheckFunctionExists.c.o  -o cmTC_288b6  -lpthreads 
/usr/bin/ld: -lpthreads が見つかりません
collect2: error: ld returned 1 exit status
make[1]: *** [CMakeFiles/cmTC_288b6.dir/build.make:87: cmTC_288b6] エラー 1
make[1]: ディレクトリ '/home/liu/robot_research_liu/build/CMakeFiles/CMakeTmp' から出ます
make: *** [Makefile:121: cmTC_288b6/fast] エラー 2



Performing C SOURCE FILE Test CMAKE_HAVE_LIBC_PTHREAD failed with the following output:
Change Dir: /home/liu/robot_research_liu/build/CMakeFiles/CMakeTmp

Run Build Command(s):/usr/bin/make cmTC_cf887/fast && /usr/bin/make -f CMakeFiles/cmTC_cf887.dir/build.make CMakeFiles/cmTC_cf887.dir/build
make[1]: ディレクトリ '/home/liu/robot_research_liu/build/CMakeFiles/CMakeTmp' に入ります
Building C object CMakeFiles/cmTC_cf887.dir/src.c.o
/usr/bin/cc   -DCMAKE_HAVE_LIBC_PTHREAD   -o CMakeFiles/cmTC_cf887.dir/src.c.o   -c /home/liu/robot_research_liu/build/CMakeFiles/CMakeTmp/src.c
Linking C executable cmTC_cf887
/usr/bin/cmake -E cmake_link_script CMakeFiles/cmTC_cf887.dir/link.txt --verbose=1
/usr/bin/cc  -DCMAKE_HAVE_LIBC_PTHREAD    -rdynamic CMakeFiles/cmTC_cf887.dir/src.c.o  -o cmTC_cf887 
/usr/bin/ld: CMakeFiles/cmTC_cf887.dir/src.c.o: in function `main':
src.c:(.text+0x46): undefined reference to `pthread_create'
/usr/bin/ld: src.c:(.text+0x52): undefined reference to `pthread_detach'
/usr/bin/ld: src.c:(.text+0x63): undefined reference to `pthread_join'
collect2: error: ld returned 1 exit status
make[1]: *** [CMakeFiles/cmTC_cf887.dir/build.make:87: cmTC_cf887] エラー 1
make[1]: ディレクトリ '/home/liu/robot_research_liu/build/CMakeFiles/CMakeTmp' から出ます
make: *** [Makefile:121: cmTC_cf887/fast] エラー 2


Source file was:
#include <pthread.h>

void* test_func(void* data)
{
  return data;
}

int main(void)
{
  pthread_t thread;
  pthread_create(&thread, NULL, test_func, NULL);
  pthread_detach(thread);
  pthread_join(thread, NULL);
  pthread_atfork(NULL, NULL, NULL);
  pthread_exit(NULL);

  return 0;
}

Determining if the function pthread_create exists in the pthreads failed with the following output:
Change Dir: /home/liu/robot_research_liu/build/CMakeFiles/CMakeTmp

Run Build Command(s):/usr/bin/make cmTC_35823/fast && /usr/bin/make -f CMakeFiles/cmTC_35823.dir/build.make CMakeFiles/cmTC_35823.dir/build
make[1]: ディレクトリ '/home/liu/robot_research_liu/build/CMakeFiles/CMakeTmp' に入ります
Building C object CMakeFiles/cmTC_35823.dir/CheckFunctionExists.c.o
/usr/bin/cc   -DCHECK_FUNCTION_EXISTS=pthread_create   -o CMakeFiles/cmTC_35823.dir/CheckFunctionExists.c.o   -c /usr/share/cmake-3.16/Modules/CheckFunctionExists.c
Linking C executable cmTC_35823
/usr/bin/cmake -E cmake_link_script CMakeFiles/cmTC_35823.dir/link.txt --verbose=1
/usr/bin/cc  -DCHECK_FUNCTION_EXISTS=pthread_create    -rdynamic CMakeFiles/cmTC_35823.dir/CheckFunctionExists.c.o  -o cmTC_35823  -lpthreads 
/usr/bin/ld: -lpthreads が見つかりません
collect2: error: ld returned 1 exit status
make[1]: *** [CMakeFiles/cmTC_35823.dir/build.make:87: cmTC_35823] エラー 1
make[1]: ディレクトリ '/home/liu/robot_research_liu/build/CMakeFiles/CMakeTmp' から出ます
make: *** [Makefile:121: cmTC_35823/fast] エラー 2



Performing C SOURCE FILE Test CMAKE_HAVE_LIBC_PTHREAD failed with the following output:
Change Dir: /home/liu/robot_research_liu/build/CMakeFiles/CMakeTmp

Run Build Command(s):/usr/bin/make cmTC_745f1/fast && /usr/bin/make -f CMakeFiles/cmTC_745f1.dir/build.make CMakeFiles/cmTC_745f1.dir/build
make[1]: ディレクトリ '/home/liu/robot_research_liu/build/CMakeFiles/CMakeTmp' に入ります
Building C object CMakeFiles/cmTC_745f1.dir/src.c.o
/usr/bin/cc   -DCMAKE_HAVE_LIBC_PTHREAD   -o CMakeFiles/cmTC_745f1.dir/src.c.o   -c /home/liu/robot_research_liu/build/CMakeFiles/CMakeTmp/src.c
Linking C executable cmTC_745f1
/usr/bin/cmake -E cmake_link_script CMakeFiles/cmTC_745f1.dir/link.txt --verbose=1
/usr/bin/cc  -DCMAKE_HAVE_LIBC_PTHREAD    -rdynamic CMakeFiles/cmTC_745f1.dir/src.c.o  -o cmTC_745f1 
/usr/bin/ld: CMakeFiles/cmTC_745f1.dir/src.c.o: in function `main':
src.c:(.text+0x46): undefined reference to `pthread_create'
/usr/bin/ld: src.c:(.text+0x52): undefined reference to `pthread_detach'
/usr/bin/ld: src.c:(.text+0x63): undefined reference to `pthread_join'
collect2: error: ld returned 1 exit status
make[1]: *** [CMakeFiles/cmTC_745f1.dir/build.make:87: cmTC_745f1] エラー 1
make[1]: ディレクトリ '/home/liu/robot_research_liu/build/CMakeFiles/CMakeTmp' から出ます
make: *** [Makefile:121: cmTC_745f1/fast] エラー 2


Source file was:
#include <pthread.h>

void* test_func(void* data)
{
  return data;
}

int main(void)
{
  pthread_t thread;
  pthread_create(&thread, NULL, test_func, NULL);
  pthread_detach(thread);
  pthread_join(thread, NULL);
  pthread_atfork(NULL, NULL, NULL);
  pthread_exit(NULL);

  return 0;
}

Determining if the function pthread_create exists in the pthreads failed with the following output:
Change Dir: /home/liu/robot_research_liu/build/CMakeFiles/CMakeTmp

Run Build Command(s):/usr/bin/make cmTC_efbe0/fast && /usr/bin/make -f CMakeFiles/cmTC_efbe0.dir/build.make CMakeFiles/cmTC_efbe0.dir/build
make[1]: ディレクトリ '/home/liu/robot_research_liu/build/CMakeFiles/CMakeTmp' に入ります
Building C object CMakeFiles/cmTC_efbe0.dir/CheckFunctionExists.c.o
/usr/bin/cc   -DCHECK_FUNCTION_EXISTS=pthread_create   -o CMakeFiles/cmTC_efbe0.dir/CheckFunctionExists.c.o   -c /usr/share/cmake-3.16/Modules/CheckFunctionExists.c
Linking C executable cmTC_efbe0
/usr/bin/cmake -E cmake_link_script CMakeFiles/cmTC_efbe0.dir/link.txt --verbose=1
/usr/bin/cc  -DCHECK_FUNCTION_EXISTS=pthread_create    -rdynamic CMakeFiles/cmTC_efbe0.dir/CheckFunctionExists.c.o  -o cmTC_efbe0  -lpthreads 
/usr/bin/ld: -lpthreads が見つかりません
collect2: error: ld returned 1 exit status
make[1]: *** [CMakeFiles/cmTC_efbe0.dir/build.make:87: cmTC_efbe0] エラー 1
make[1]: ディレクトリ '/home/liu/robot_research_liu/build/CMakeFiles/CMakeTmp' から出ます
make: *** [Makefile:121: cmTC_efbe0/fast] エラー 2



